<?xml version="1.0" encoding="UTF-8"?>
<!-- Generated by org.testng.reporters.JUnitReportReporter -->
<testsuite hostname="HP" failures="0" tests="1" name="PageObject.Base" time="1.447" errors="0" timestamp="2024-01-15T00:00:38 IST" skipped="0">
  <testcase classname="PageObject.Base" name="FormTest" time="1.447"/>
  <system-out/>
</testsuite> <!-- PageObject.Base -->
