<?xml version="1.0" encoding="UTF-8"?>
<!-- Generated by org.testng.reporters.JUnitReportReporter -->
<testsuite hostname="HP" failures="0" tests="2" name="Test.Slider" time="23.973" errors="0" timestamp="2024-01-15T01:01:34 IST" skipped="0">
  <testcase classname="Test.Slider" name="SliderbarTest" time="12.233"/>
  <system-out/>
  <testcase classname="Test.Slider" name="SliderbarTest" time="11.740"/>
  <system-out/>
</testsuite> <!-- Test.Slider -->
